Could not read previous export (for caching), doing full export.
MenuBG: Exporting image
MenuOptions: Exporting image
MenuHeader: Exporting image
FloridaBG: Exporting image
SeattleBG: Exporting image
WhiteBackground: Exporting image
Item 1: Exporting image
Item 2: Exporting image
Playlist: Exporting image
VideoTabs: Exporting image
Video: Exporting image
VideoHeader: Exporting image
Bookmark: Exporting image
BookmarkFilled: Exporting image
Back: Exporting image
Menu: Exporting image
Search: Exporting image
Keyboard: Exporting image
StatusBar: Exporting image
Signal-2: Exporting image
Battery-2: Exporting image
23 views changed
Success: /Users/rhuynh/Dropbox (Sinclair)/Sinclair Digital/Hometown Live/04_Prototypes/02_FramerJS/hometownlive.framer/imported/hometownlive-framer
