Could not read previous export (for caching), doing full export.
MenuBG: Exporting image
MenuOptions: Exporting image
MenuHeader: Exporting image
FloridaBG: Exporting image
SeattleBG: Exporting image
Trending: Exporting image
Thumbnail-9: Exporting image
Duration-9: Exporting image
Thumbnail-8: Exporting image
Duration-8: Exporting image
TopStoriesSeattle: Exporting image
Duration-10-2: Exporting image
WhiteBackground: Exporting image
Item 1: Exporting image
Item 2: Exporting image
Playlist: Exporting image
VideoTabs: Exporting image
Video: Exporting image
VideoHeader: Exporting image
Header: Exporting image
HeaderMask: Exporting image
Bookmark: Exporting image
BookmarkFilled: Exporting image
Back: Exporting image
Menu: Exporting image
Search: Exporting image
Keyboard: Exporting image
StatusBar: Exporting image
Signal-2: Exporting image
Battery-2: Exporting image
32 views changed
Success: /Users/rhuynh/Dropbox (Sinclair)/Sinclair Digital/Hometown Live/04_Prototypes/02_FramerJS/hometimelive.framer/imported/hometownlive-framer
