Could not read previous export (for caching), doing full export.
Category_3: Exporting image
Controls: Exporting image
Category_2: Exporting image
Controls-2: Exporting image
Story_6: Exporting image
Story_5: Exporting image
Story_4: Exporting image
Story_3: Exporting image
Story_2: Exporting image
Story_1: Exporting image
Label: Exporting image
Marker_5: Exporting image
Marker_4: Exporting image
Marker_3: Exporting image
Marker_2: Exporting image
Marker_1: Exporting image
Active_Marker: Exporting image
Tab_Bar: Exporting image
icons: Exporting image
home: Exporting image
news: Exporting image
lifestyle: Exporting image
sports: Exporting image
shows: Exporting image
Header: Exporting image
Status_bar_black: Exporting image
Signal_&_Carrier: Exporting image
Battery: Exporting image
28 views changed
Success: /Users/rhuynh/Desktop/Untitled.framer/imported/HTLiPhone4-Home-04
