Could not read previous export (for caching), doing full export.
Background: Exporting image
Recent: Exporting image
Popular: Exporting image
001: Exporting image
002: Exporting image
003: Exporting image
004: Exporting image
001-2: Exporting image
002-2: Exporting image
001-3: Exporting image
002-3: Exporting image
Content1: Exporting image
Tab_Bar: Exporting image
home: Exporting image
news: Exporting image
lifestyle: Exporting image
sports: Exporting image
shows: Exporting image
Tabs: Exporting image
Header: Exporting image
Status_bar_black: Exporting image
Signal_&_Carrier: Exporting image
Battery: Exporting image
27 views changed
Success: /Users/rhuynh/Dropbox (Sinclair)/Sinclair Digital/Hometown Live/04_Prototypes/01_iPhone/02_FramerJS/iPhone 5/Hometown Live iPhone5.framer/imported/HTLiPhone5-Home
