Could not read previous export (for caching), doing full export.
MenuBG: Exporting image
MenuOptions: Exporting image
MenuHeader: Exporting image
FloridaBG: Exporting image
SeattleBG: Exporting image
Trending: Exporting image
Thumbnail-9: Exporting image
Duration-9: Exporting image
Thumbnail-8: Exporting image
Duration-8: Exporting image
TopStories: Exporting image
Duration-10: Exporting image
Header: Exporting image
Menu: Exporting image
Search: Exporting image
Signal & Carrier-2: Exporting image
Signal-2: Exporting image
Bluetooth-2: Exporting image
Battery-2: Exporting image
20 views changed
Success: /Users/ranhuynh/Dropbox (Sinclair)/Sinclair Digital/Hometown Live/04_Prototypes/02_FramerJS/hometimelive.framer/imported/hometownlive-framer 2
